D:\NALIKA\EMPLOYEE\CLARINOX\LATESTCLIENTSERVER\SERVERAPP\SERVERAPP\DEBUG\MAIN.OBJ
D:\NALIKA\EMPLOYEE\CLARINOX\LATESTCLIENTSERVER\SERVERAPP\SERVERAPP\DEBUG\NETWORKSERVICES.OBJ
D:\NALIKA\EMPLOYEE\CLARINOX\LATESTCLIENTSERVER\SERVERAPP\SERVERAPP\DEBUG\SERVERIMPLEMENT.OBJ
D:\NALIKA\EMPLOYEE\CLARINOX\LATESTCLIENTSERVER\SERVERAPP\SERVERAPP\DEBUG\SERVERNETWORK.OBJ
D:\NALIKA\EMPLOYEE\CLARINOX\LATESTCLIENTSERVER\SERVERAPP\SERVERAPP\DEBUG\VC110.PDB
D:\NALIKA\EMPLOYEE\Clarinox\LatestClientServer\ServerApp\ServerApp\Debug\main.obj
D:\NALIKA\EMPLOYEE\Clarinox\LatestClientServer\ServerApp\ServerApp\Debug\NetworkServices.obj
D:\NALIKA\EMPLOYEE\Clarinox\LatestClientServer\ServerApp\ServerApp\Debug\ServerImplement.obj
D:\NALIKA\EMPLOYEE\Clarinox\LatestClientServer\ServerApp\ServerApp\Debug\ServerNetwork.obj
D:\NALIKA\EMPLOYEE\Clarinox\LatestClientServer\ServerApp\ServerApp\Debug\cl.command.1.tlog
D:\NALIKA\EMPLOYEE\Clarinox\LatestClientServer\ServerApp\ServerApp\Debug\CL.read.1.tlog
D:\NALIKA\EMPLOYEE\Clarinox\LatestClientServer\ServerApp\ServerApp\Debug\CL.write.1.tlog
D:\NALIKA\EMPLOYEE\Clarinox\LatestClientServer\ServerApp\ServerApp\Debug\link-cvtres.read.1.tlog
D:\NALIKA\EMPLOYEE\Clarinox\LatestClientServer\ServerApp\ServerApp\Debug\link-cvtres.write.1.tlog
D:\NALIKA\EMPLOYEE\Clarinox\LatestClientServer\ServerApp\ServerApp\Debug\link-rc.read.1.tlog
D:\NALIKA\EMPLOYEE\Clarinox\LatestClientServer\ServerApp\ServerApp\Debug\link-rc.write.1.tlog
D:\NALIKA\EMPLOYEE\Clarinox\LatestClientServer\ServerApp\ServerApp\Debug\link.5880-cvtres.read.1.tlog
D:\NALIKA\EMPLOYEE\Clarinox\LatestClientServer\ServerApp\ServerApp\Debug\link.5880-cvtres.write.1.tlog
D:\NALIKA\EMPLOYEE\Clarinox\LatestClientServer\ServerApp\ServerApp\Debug\link.5880-rc.read.1.tlog
D:\NALIKA\EMPLOYEE\Clarinox\LatestClientServer\ServerApp\ServerApp\Debug\link.5880-rc.write.1.tlog
D:\NALIKA\EMPLOYEE\Clarinox\LatestClientServer\ServerApp\ServerApp\Debug\link.5880.read.1.tlog
D:\NALIKA\EMPLOYEE\Clarinox\LatestClientServer\ServerApp\ServerApp\Debug\link.5880.write.1.tlog
D:\NALIKA\EMPLOYEE\Clarinox\LatestClientServer\ServerApp\ServerApp\Debug\link.6836-cvtres.read.1.tlog
D:\NALIKA\EMPLOYEE\Clarinox\LatestClientServer\ServerApp\ServerApp\Debug\link.6836-cvtres.write.1.tlog
D:\NALIKA\EMPLOYEE\Clarinox\LatestClientServer\ServerApp\ServerApp\Debug\link.6836-rc.read.1.tlog
D:\NALIKA\EMPLOYEE\Clarinox\LatestClientServer\ServerApp\ServerApp\Debug\link.6836-rc.write.1.tlog
D:\NALIKA\EMPLOYEE\Clarinox\LatestClientServer\ServerApp\ServerApp\Debug\link.6836.read.1.tlog
D:\NALIKA\EMPLOYEE\Clarinox\LatestClientServer\ServerApp\ServerApp\Debug\link.6836.write.1.tlog
D:\NALIKA\EMPLOYEE\Clarinox\LatestClientServer\ServerApp\ServerApp\Debug\link.command.1.tlog
D:\NALIKA\EMPLOYEE\Clarinox\LatestClientServer\ServerApp\ServerApp\Debug\link.read.1.tlog
D:\NALIKA\EMPLOYEE\Clarinox\LatestClientServer\ServerApp\ServerApp\Debug\link.write.1.tlog
D:\NALIKA\EMPLOYEE\Clarinox\LatestClientServer\ServerApp\ServerApp\Debug\vc110.idb
D:\NALIKA\EMPLOYEE\Clarinox\LatestClientServer\ServerApp\ServerApp\Debug\vc110.pdb
D:\NALIKA\EMPLOYEE\Clarinox\LatestClientServer\ServerApp\Debug\ServerApp.pdb
