Build started 23/04/2016 9:59:36 AM.
     1>Project "D:\NALIKA\EMPLOYEE\Clarinox\LatestClientServerWithThreads\ClientApp\ClientApp\ClientApp.vcxproj" on node 2 (Build target(s)).
     1>ClCompile:
         C:\Program Files (x86)\Microsoft Visual Studio 11.0\VC\bin\CL.exe /c /ZI /nologo /W3 /WX- /Od /Oy- /D WIN32 /D _DEBUG /D _CONSOLE /D _UNICODE /D UNICODE /Gm /EHsc /RTC1 /MDd /GS /fp:precise /Zc:wchar_t /Zc:forScope /Fo"Debug\\" /Fd"Debug\vc110.pdb" /Gd /TP /analyze- /errorReport:prompt ClientImplement.cpp ClientNetwork.cpp main.cpp NetworkServices.cpp
         NetworkServices.cpp
         main.cpp
         ClientNetwork.cpp
         ClientImplement.cpp
     1>d:\nalika\employee\clarinox\latestclientserverwiththreads\clientapp\clientapp\clientimplement.cpp(7): warning C4067: unexpected tokens following preprocessor directive - expected a newline
     1>d:\nalika\employee\clarinox\latestclientserverwiththreads\clientapp\clientapp\clientimplement.cpp(72): warning C4018: '<' : signed/unsigned mismatch
     1>d:\nalika\employee\clarinox\latestclientserverwiththreads\clientapp\clientapp\clientimplement.cpp(121): warning C4553: '==' : operator has no effect; did you intend '='?
         Generating Code...
       Link:
         C:\Program Files (x86)\Microsoft Visual Studio 11.0\VC\bin\link.exe /ERRORREPORT:PROMPT /OUT:"D:\NALIKA\EMPLOYEE\Clarinox\LatestClientServerWithThreads\ClientApp\Debug\ClientApp.exe" /INCREMENTAL /NOLOGO kernel32.lib user32.lib gdi32.lib winspool.lib comdlg32.lib advapi32.lib shell32.lib ole32.lib oleaut32.lib uuid.lib odbc32.lib odbccp32.lib Ws2_32.lib kernel32.lib user32.lib gdi32.lib winspool.lib comdlg32.lib advapi32.lib shell32.lib ole32.lib oleaut32.lib uuid.lib odbc32.lib odbccp32.lib /MANIFEST /MANIFESTUAC:"level='asInvoker' uiAccess='false'" /manifest:embed /DEBUG /PDB:"D:\NALIKA\EMPLOYEE\Clarinox\LatestClientServerWithThreads\ClientApp\Debug\ClientApp.pdb" /SUBSYSTEM:CONSOLE /TLBID:1 /DYNAMICBASE /NXCOMPAT /IMPLIB:"D:\NALIKA\EMPLOYEE\Clarinox\LatestClientServerWithThreads\ClientApp\Debug\ClientApp.lib" /MACHINE:X86 Debug\ClientImplement.obj
         Debug\ClientNetwork.obj
         Debug\main.obj
         Debug\NetworkServices.obj
         ClientApp.vcxproj -> D:\NALIKA\EMPLOYEE\Clarinox\LatestClientServerWithThreads\ClientApp\Debug\ClientApp.exe
     1>Done Building Project "D:\NALIKA\EMPLOYEE\Clarinox\LatestClientServerWithThreads\ClientApp\ClientApp\ClientApp.vcxproj" (Build target(s)).

Build succeeded.

Time Elapsed 00:00:02.49
